<?xml version="1.0" encoding="UTF-8" ?>
<testsuite tests="24" failures="1" name="com.tuomitie.logiikka.SudokuTest" time="0.286" errors="0" skipped="0">
  <properties>
[...]
</properties>
  <testcase classname="com.tuomitie.logiikka.SudokuTest" name="alustuksenJalkeenTaulukotOvatSamanmittaiset" time="0.021"/>
  <testcase classname="com.tuomitie.logiikka.SudokuTest" name="rivienSummatOikein" time="0.002"/>
  <testcase classname="com.tuomitie.logiikka.SudokuTest" name="alustuksenJalkeenKenttaOnOlemassa" time="0.008"/>
  <testcase classname="com.tuomitie.logiikka.SudokuTest" name="kuudennenSektorinSummaOikein" time="0.002"/>
  <testcase classname="com.tuomitie.logiikka.SudokuTest" name="ratkaisunTarkistaminenToimii" time="0.014">
    <failure type="java.lang.AssertionError">java.lang.AssertionError
	at org.junit.Assert.fail(Assert.java:86)
	at org.junit.Assert.assertTrue(Assert.java:41)
	at org.junit.Assert.assertTrue(Assert.java:52)
	at com.tuomitie.logiikka.SudokuTest.ratkaisunTarkistaminenToimii(SudokuTest.java:240)
	at sun.reflect.NativeMethodAccessorImpl.invoke0(Native Method)
	at sun.reflect.NativeMethodAccessorImpl.invoke(NativeMethodAccessorImpl.java:62)
	at sun.reflect.DelegatingMethodAccessorImpl.invoke(DelegatingMethodAccessorImpl.java:43)
	at java.lang.reflect.Method.invoke(Method.java:498)
	at org.junit.runners.model.FrameworkMethod$1.runReflectiveCall(FrameworkMethod.java:50)
	at org.junit.internal.runners.model.ReflectiveCallable.run(ReflectiveCallable.java:12)
	at org.junit.runners.model.FrameworkMethod.invokeExplosively(FrameworkMethod.java:47)
	at org.junit.internal.runners.statements.InvokeMethod.evaluate(InvokeMethod.java:17)
	at org.junit.internal.runners.statements.RunBefores.evaluate(RunBefores.java:26)
	at org.junit.internal.runners.statements.RunAfters.evaluate(RunAfters.java:27)
	at org.junit.runners.ParentRunner.runLeaf(ParentRunner.java:325)
	at org.junit.runners.BlockJUnit4ClassRunner.runChild(BlockJUnit4ClassRunner.java:78)
	at org.junit.runners.BlockJUnit4ClassRunner.runChild(BlockJUnit4ClassRunner.java:57)
	at org.junit.runners.ParentRunner$3.run(ParentRunner.java:290)
	at org.junit.runners.ParentRunner$1.schedule(ParentRunner.java:71)
	at org.junit.runners.ParentRunner.runChildren(ParentRunner.java:288)
	at org.junit.runners.ParentRunner.access$000(ParentRunner.java:58)
	at org.junit.runners.ParentRunner$2.evaluate(ParentRunner.java:268)
	at org.junit.internal.runners.statements.RunBefores.evaluate(RunBefores.java:26)
	at org.junit.internal.runners.statements.RunAfters.evaluate(RunAfters.java:27)
	at org.junit.runners.ParentRunner.run(ParentRunner.java:363)
	at org.apache.maven.surefire.junit4.JUnit4TestSet.execute(JUnit4TestSet.java:53)
	at org.apache.maven.surefire.junit4.JUnit4Provider.executeTestSet(JUnit4Provider.java:123)
	at org.apache.maven.surefire.junit4.JUnit4Provider.invoke(JUnit4Provider.java:104)
	at sun.reflect.NativeMethodAccessorImpl.invoke0(Native Method)
	at sun.reflect.NativeMethodAccessorImpl.invoke(NativeMethodAccessorImpl.java:62)
	at sun.reflect.DelegatingMethodAccessorImpl.invoke(DelegatingMethodAccessorImpl.java:43)
	at java.lang.reflect.Method.invoke(Method.java:498)
	at org.apache.maven.surefire.util.ReflectionUtils.invokeMethodWithArray(ReflectionUtils.java:164)
	at org.apache.maven.surefire.booter.ProviderFactory$ProviderProxy.invoke(ProviderFactory.java:110)
	at org.apache.maven.surefire.booter.SurefireStarter.invokeProvider(SurefireStarter.java:175)
	at org.apache.maven.surefire.booter.SurefireStarter.runSuitesInProcessWhenForked(SurefireStarter.java:107)
	at org.apache.maven.surefire.booter.ForkedBooter.main(ForkedBooter.java:68)
</failure>
  </testcase>
  <testcase classname="com.tuomitie.logiikka.SudokuTest" name="luotuNakymaSisaltaaNollia" time="0.002"/>
  <testcase classname="com.tuomitie.logiikka.SudokuTest" name="seitsemannenSektorinSummaOikein" time="0.007"/>
  <testcase classname="com.tuomitie.logiikka.SudokuTest" name="luotuPohjaEiSisallaNollia" time="0.006"/>
  <testcase classname="com.tuomitie.logiikka.SudokuTest" name="kolmannenSektorinSummaOikein" time="0"/>
  <testcase classname="com.tuomitie.logiikka.SudokuTest" name="alustuksenJalkeenTaulukkoOnOlemassa" time="0.004"/>
  <testcase classname="com.tuomitie.logiikka.SudokuTest" name="neljannenSektorinSummaOikein" time="0.005"/>
  <testcase classname="com.tuomitie.logiikka.SudokuTest" name="kahdeksannenSektorinSummaOikein" time="0.003"/>
  <testcase classname="com.tuomitie.logiikka.SudokuTest" name="huonoaSyotettaEiLisataanNakymaan" time="0.035"/>
  <testcase classname="com.tuomitie.logiikka.SudokuTest" name="syotteenKasittelyToimii" time="0"/>
  <testcase classname="com.tuomitie.logiikka.SudokuTest" name="siirronPeruminenToimii" time="0"/>
  <testcase classname="com.tuomitie.logiikka.SudokuTest" name="alustuksenJalkeenPelaajanNakymaOnOlemassa" time="0"/>
  <testcase classname="com.tuomitie.logiikka.SudokuTest" name="viidennenSektorinSummaOikein" time="0.009"/>
  <testcase classname="com.tuomitie.logiikka.SudokuTest" name="toisenSektorinSummaOikein" time="0.002"/>
  <testcase classname="com.tuomitie.logiikka.SudokuTest" name="validiSyoteLisataanNakymaan" time="0.015"/>
  <testcase classname="com.tuomitie.logiikka.SudokuTest" name="yhdeksannenSektorinSummaOikein" time="0"/>
  <testcase classname="com.tuomitie.logiikka.SudokuTest" name="pohjanPaalleEiLisata" time="0"/>
  <testcase classname="com.tuomitie.logiikka.SudokuTest" name="ensimmaisenSektorinSummaOikein" time="0.001"/>
  <testcase classname="com.tuomitie.logiikka.SudokuTest" name="sarakkeidenSummatOikein" time="0.005"/>
  <testcase classname="com.tuomitie.logiikka.SudokuTest" name="luoRuudukkoPalauttaaOikeanmuotoisenTaulukon" time="0.003"/>
</testsuite>